<?xml version="1.0" encoding="UTF-8"?>
<!-- Generated by org.testng.reporters.JUnitReportReporter -->
<testsuite skipped="0" hostname="HDC2-D-CBXQXJ2" name="sample.DemoTestng2" tests="2" failures="0" timestamp="03 Jul 2019 06:31:34 GMT" time="15.211" errors="0">
  <testcase name="openApp" time="0.014" classname="sample.DemoTestng2"/>
  <testcase name="browserInit" time="15.197" classname="sample.DemoTestng2"/>
</testsuite> <!-- sample.DemoTestng2 -->
