<?xml version="1.0" encoding="UTF-8"?>
<!-- Generated by org.testng.reporters.JUnitReportReporter -->
<testsuite skipped="0" hostname="HDC2-D-CBXQXJ2" name="sample.DemoAlert" tests="1" failures="0" timestamp="03 Jul 2019 12:23:43 GMT" time="18.552" errors="0">
  <testcase name="dalert" time="18.552" classname="sample.DemoAlert"/>
</testsuite> <!-- sample.DemoAlert -->
