<?xml version="1.0" encoding="UTF-8"?>
<!-- Generated by org.testng.reporters.JUnitReportReporter -->
<testsuite skipped="1" hostname="HDC2-D-CBXQXJ2" name="sample.ExcelDemoTest" tests="3" failures="0" timestamp="04 Jul 2019 07:15:12 GMT" time="22.194" errors="0">
  <testcase name="register" time="0.000" classname="sample.ExcelDemoTest">
    <skipped/>
  </testcase> <!-- register -->
  <testcase name="openApp" time="0.023" classname="sample.ExcelDemoTest"/>
  <testcase name="browserInit" time="22.171" classname="sample.ExcelDemoTest"/>
</testsuite> <!-- sample.ExcelDemoTest -->
