<?xml version="1.0" encoding="UTF-8"?>
<!-- Generated by org.testng.reporters.JUnitReportReporter -->
<testsuite skipped="0" hostname="HDC2-D-CBXQXJ2" name="sample.TestActionsKeyboard" tests="1" failures="0" timestamp="04 Jul 2019 05:11:04 GMT" time="46.898" errors="0">
  <testcase name="testActions" time="46.898" classname="sample.TestActionsKeyboard"/>
</testsuite> <!-- sample.TestActionsKeyboard -->
