<?xml version="1.0" encoding="UTF-8"?>
<!-- Generated by org.testng.reporters.JUnitReportReporter -->
<testsuite skipped="1" hostname="HDC2-D-CBXQXJ2" name="sample.DemoTestNg" tests="3" failures="0" timestamp="08 Jul 2019 09:53:30 GMT" time="0.008" errors="0">
  <testcase name="Login" time="0.005" classname="sample.DemoTestNg"/>
  <testcase name="Logout" time="0.003" classname="sample.DemoTestNg"/>
  <testcase name="openApp" classname="sample.DemoTestNg">
    <skipped/>
  </testcase> <!-- openApp -->
</testsuite> <!-- sample.DemoTestNg -->
