<?xml version="1.0" encoding="UTF-8"?>
<!-- Generated by org.testng.reporters.JUnitReportReporter -->
<testsuite skipped="0" hostname="HDC2-D-CBXQXJ2" name="sample.Cruises" tests="1" failures="0" timestamp="03 Jul 2019 09:47:21 GMT" time="13.878" errors="0">
  <testcase name="printcruises" time="13.878" classname="sample.Cruises"/>
</testsuite> <!-- sample.Cruises -->
