<?xml version="1.0" encoding="UTF-8"?>
<!-- Generated by org.testng.reporters.JUnitReportReporter -->
<testsuite skipped="0" hostname="HDC2-D-CBXQXJ2" name="sample.Switch" tests="1" failures="0" timestamp="03 Jul 2019 11:22:05 GMT" time="31.775" errors="0">
  <testcase name="windswitch" time="31.775" classname="sample.Switch"/>
</testsuite> <!-- sample.Switch -->
