<?xml version="1.0" encoding="UTF-8"?>
<!-- Generated by org.testng.reporters.JUnitReportReporter -->
<testsuite skipped="0" hostname="HDC2-D-CBXQXJ2" name="sample.Collect$collections" tests="1" failures="0" timestamp="03 Jul 2019 08:46:45 GMT" time="22.671" errors="0">
  <testcase name="testColl" time="22.671" classname="sample.Collect$collections"/>
</testsuite> <!-- sample.Collect$collections -->
