<?xml version="1.0" encoding="UTF-8"?>
<!-- Generated by org.testng.reporters.JUnitReportReporter -->
<testsuite skipped="0" hostname="HDC2-D-CBXQXJ2" name="sample.NewTest" tests="1" failures="0" timestamp="03 Jul 2019 06:21:39 GMT" time="0.012" errors="0">
  <testcase name="f" time="0.012" classname="sample.NewTest"/>
</testsuite> <!-- sample.NewTest -->
