<?xml version="1.0" encoding="UTF-8"?>
<!-- Generated by org.testng.reporters.JUnitReportReporter -->
<testsuite skipped="0" hostname="HDC2-D-CBXQXJ2" name="sample.SeleDemo" tests="1" failures="0" timestamp="04 Jul 2019 04:52:00 GMT" time="14.284" errors="0">
  <testcase name="seltest" time="14.284" classname="sample.SeleDemo"/>
</testsuite> <!-- sample.SeleDemo -->
