<?xml version="1.0" encoding="UTF-8"?>
<!-- Generated by org.testng.reporters.JUnitReportReporter -->
<testsuite skipped="0" hostname="HDC2-D-CBXQXJ2" name="sample.TestActions" tests="1" failures="0" timestamp="04 Jul 2019 03:45:48 GMT" time="27.056" errors="0">
  <testcase name="testActions" time="27.056" classname="sample.TestActions"/>
</testsuite> <!-- sample.TestActions -->
